0 info it worked if it ends with ok
1 verbose cli [ 'C:\\Program Files\\nodejs\\node.exe',
1 verbose cli   'C:\\Program Files\\nodejs\\node_modules\\npm\\bin\\npm-cli.js',
1 verbose cli   'run',
1 verbose cli   'dev' ]
2 info using npm@3.10.10
3 info using node@v6.9.4
4 verbose run-script [ 'predev', 'dev', 'postdev' ]
5 info lifecycle myFinalProject_Skylab@1.0.0~predev: myFinalProject_Skylab@1.0.0
6 silly lifecycle myFinalProject_Skylab@1.0.0~predev: no script for predev, continuing
7 info lifecycle myFinalProject_Skylab@1.0.0~dev: myFinalProject_Skylab@1.0.0
8 verbose lifecycle myFinalProject_Skylab@1.0.0~dev: unsafe-perm in lifecycle true
9 verbose lifecycle myFinalProject_Skylab@1.0.0~dev: PATH: C:\Program Files\nodejs\node_modules\npm\bin\node-gyp-bin;C:\Users\carle\Desktop\Projects_Skylab\myFinalProject_Skylab\node_modules\.bin;C:\Users\carle\Desktop\SOFTWARE\cmr_github\bin;C:\Users\carle\Desktop\SOFTWARE\cmr_github\vendor\git-for-windows\cmd;C:\Users\carle\Desktop\SOFTWARE\cmr_github\vendor\conemu-maximus5\ConEmu\Scripts;C:\Users\carle\Desktop\SOFTWARE\cmr_github\vendor\conemu-maximus5;C:\Users\carle\Desktop\SOFTWARE\cmr_github\vendor\conemu-maximus5\ConEmu;C:\WINDOWS\system32;C:\WINDOWS;C:\WINDOWS\system32\wbem;C:\WINDOWS\system32\windowspowershell\v1.0\;c:\programdata\oracle\java\javapath;C:\WINDOWS\system32;C:\WINDOWS;C:\WINDOWS\System32\Wbem;C:\WINDOWS\System32\WindowsPowerShell\v1.0\;C:\Program Files\nodejs\;C:\Program Files\Sublime Text 3;C:\Users\carle\AppData\Roaming\npm;C:\Program Files\MongoDB\Server\3.4\bin;C:\Program Files (x86)\Skype\Phone\;C:\User\carle\AppData\Roaming\npm;C:\Program Files\Sublime Text 3 - TO - C:\Program Files\Sublime Text3\;C:\Program Files\Heroku\bin;C:\Users\carle\Desktop\SOFTWARE\cmr_github\vendor\git-for-windows\usr\bin;C:\Users\carle\Desktop\SOFTWARE\cmr_github\vendor\git-for-windows\usr\share\vim\vim74;C:\Users\carle\Desktop\SOFTWARE\cmr_github\
10 verbose lifecycle myFinalProject_Skylab@1.0.0~dev: CWD: C:\Users\carle\Desktop\Projects_Skylab\myFinalProject_Skylab
11 silly lifecycle myFinalProject_Skylab@1.0.0~dev: Args: [ '/d /s /c', 'nodemon app' ]
12 silly lifecycle myFinalProject_Skylab@1.0.0~dev: Returned: code: 3221225495  signal: null
13 info lifecycle myFinalProject_Skylab@1.0.0~dev: Failed to exec dev script
14 verbose stack Error: myFinalProject_Skylab@1.0.0 dev: `nodemon app`
14 verbose stack Exit status 3221225495
14 verbose stack     at EventEmitter.<anonymous> (C:\Program Files\nodejs\node_modules\npm\lib\utils\lifecycle.js:255:16)
14 verbose stack     at emitTwo (events.js:106:13)
14 verbose stack     at EventEmitter.emit (events.js:191:7)
14 verbose stack     at ChildProcess.<anonymous> (C:\Program Files\nodejs\node_modules\npm\lib\utils\spawn.js:40:14)
14 verbose stack     at emitTwo (events.js:106:13)
14 verbose stack     at ChildProcess.emit (events.js:191:7)
14 verbose stack     at maybeClose (internal/child_process.js:877:16)
14 verbose stack     at Process.ChildProcess._handle.onexit (internal/child_process.js:226:5)
15 verbose pkgid myFinalProject_Skylab@1.0.0
16 verbose cwd C:\Users\carle\Desktop\Projects_Skylab\myFinalProject_Skylab
17 error Windows_NT 10.0.14393
18 error argv "C:\\Program Files\\nodejs\\node.exe" "C:\\Program Files\\nodejs\\node_modules\\npm\\bin\\npm-cli.js" "run" "dev"
19 error node v6.9.4
20 error npm  v3.10.10
21 error code ELIFECYCLE
22 error myFinalProject_Skylab@1.0.0 dev: `nodemon app`
22 error Exit status 3221225495
23 error Failed at the myFinalProject_Skylab@1.0.0 dev script 'nodemon app'.
23 error Make sure you have the latest version of node.js and npm installed.
23 error If you do, this is most likely a problem with the myFinalProject_Skylab package,
23 error not with npm itself.
23 error Tell the author that this fails on your system:
23 error     nodemon app
23 error You can get information on how to open an issue for this project with:
23 error     npm bugs myFinalProject_Skylab
23 error Or if that isn't available, you can get their info via:
23 error     npm owner ls myFinalProject_Skylab
23 error There is likely additional logging output above.
24 verbose exit [ 1, true ]
